<?xml version="1.0" encoding="utf-8"?><testsuites name="pytest tests"><testsuite name="pytest" errors="0" failures="0" skipped="0" tests="90" time="3.800" timestamp="2026-09-17T02:47:03.349314-05:00" hostname="localhost"><testcase classname="tests.unit.test_action_guard" name="test_tab_can_leave_submit_button_but_activation_is_blocked" time="0.001" /><testcase classname="tests.unit.test_action_guard" name="test_enter_in_form_input_is_blocked_but_menu_enter_is_allowed" time="0.000" /><testcase classname="tests.unit.test_authoring" name="test_develop_apply_and_collect_real_generated_pytest" time="0.363" /><testcase classname="tests.unit.test_authoring" name="test_revision_preserves_original_until_apply_and_refuses_stale_overwrite" time="0.086" /><testcase classname="tests.unit.test_authoring" name="test_arbitrary_python_and_tampered_proposals_are_rejected" time="0.037" /><testcase classname="tests.unit.test_authoring" name="test_model_failure_leaves_only_error_evidence" time="0.003" /><testcase classname="tests.unit.test_authoring" name="test_reject_invalid_model_plans[extra-code]" time="0.010" /><testcase classname="tests.unit.test_authoring" name="test_reject_invalid_model_plans[unknown-page]" time="0.011" /><testcase classname="tests.unit.test_authoring" name="test_reject_invalid_model_plans[unknown-viewport]" time="0.010" /><testcase classname="tests.unit.test_authoring" name="test_reject_invalid_model_plans[duplicate-id]" time="0.011" /><testcase classname="tests.unit.test_authoring" name="test_reject_invalid_model_plans[empty]" time="0.010" /><testcase classname="tests.unit.test_authoring" name="test_synthetic_data_is_compiled_and_raw_form_values_rejected" time="0.022" /><testcase classname="tests.unit.test_authoring" name="test_no_assertion_or_out_of_scope_destination_rejected" time="0.021" /><testcase classname="tests.unit.test_authoring" name="test_history_and_reviews_enter_authoring_but_other_site_evidence_rejected" time="0.019" /><testcase classname="tests.unit.test_authoring" name="test_profile_edits_require_revision_but_revision_is_possible" time="0.075" /><testcase classname="tests.unit.test_authoring" name="test_package_cli_exposes_simple_app_and_authoring_commands" time="0.097" /><testcase classname="tests.unit.test_cloud" name="test_create_round_trip_compiles_reviewable_tests_and_is_idempotent" time="0.569" /><testcase classname="tests.unit.test_cloud" name="test_revision_round_trip_preserves_tests_until_apply" time="0.243" /><testcase classname="tests.unit.test_cloud" name="test_import_rejects_stale_mismatched_or_unsafe_results[profile]" time="0.088" /><testcase classname="tests.unit.test_cloud" name="test_import_rejects_stale_mismatched_or_unsafe_results[tests]" time="0.087" /><testcase classname="tests.unit.test_cloud" name="test_import_rejects_stale_mismatched_or_unsafe_results[result-hash]" time="0.074" /><testcase classname="tests.unit.test_cloud" name="test_import_rejects_stale_mismatched_or_unsafe_results[extra-job]" time="0.081" /><testcase classname="tests.unit.test_cloud" name="test_import_rejects_stale_mismatched_or_unsafe_results[arbitrary-code]" time="0.084" /><testcase classname="tests.unit.test_cloud" name="test_explanations_return_to_original_local_screenshots_without_changing_outcomes" time="0.044" /><testcase classname="tests.unit.test_cloud" name="test_historical_reviews_are_available_to_cloud_guidance" time="0.020" /><testcase classname="tests.unit.test_cloud" name="test_explanation_rejects_a_different_latest_run" time="0.018" /><testcase classname="tests.unit.test_cloud" name="test_checkpoint_resume_does_not_repeat_completed_jobs" time="0.029" /><testcase classname="tests.unit.test_cloud" name="test_inbox_rejects_shortcuts_foreign_requests_and_path_traversal" time="0.002" /><testcase classname="tests.unit.test_cloud" name="test_external_schema_references_are_never_fetched" time="0.015" /><testcase classname="tests.unit.test_config_policy" name="test_ctg_profile_has_unique_focused_cases" time="0.006" /><testcase classname="tests.unit.test_config_policy" name="test_allowed_origins[https://example.com]" time="0.000" /><testcase classname="tests.unit.test_config_policy" name="test_allowed_origins[http://localhost:8000]" time="0.000" /><testcase classname="tests.unit.test_config_policy" name="test_allowed_origins[https://example.com/]" time="0.000" /><testcase classname="tests.unit.test_config_policy" name="test_reject_out_of_scope_origins[http://example.com]" time="0.000" /><testcase classname="tests.unit.test_config_policy" name="test_reject_out_of_scope_origins[https://user:secret@example.com]" time="0.000" /><testcase classname="tests.unit.test_config_policy" name="test_reject_out_of_scope_origins[file:///etc/passwd]" time="0.000" /><testcase classname="tests.unit.test_config_policy" name="test_reject_out_of_scope_origins[https://example.com/admin]" time="0.000" /><testcase classname="tests.unit.test_config_policy" name="test_reject_out_of_scope_origins[https://example.com?q=secret]" time="0.000" /><testcase classname="tests.unit.test_config_policy" name="test_reject_out_of_scope_origins[https://10.0.0.1]" time="0.000" /><testcase classname="tests.unit.test_config_policy" name="test_reject_unsafe_or_unscoped_page_paths[//external.example]" time="0.006" /><testcase classname="tests.unit.test_config_policy" name="test_reject_unsafe_or_unscoped_page_paths[/admin]" time="0.006" /><testcase classname="tests.unit.test_config_policy" name="test_reject_unsafe_or_unscoped_page_paths[/%61dmin]" time="0.007" /><testcase classname="tests.unit.test_config_policy" name="test_reject_unsafe_or_unscoped_page_paths[/a/../logout]" time="0.006" /><testcase classname="tests.unit.test_config_policy" name="test_reject_unsafe_or_unscoped_page_paths[/?email=qa]" time="0.006" /><testcase classname="tests.unit.test_config_policy" name="test_reject_unsafe_or_unscoped_page_paths[/%5csecret]" time="0.006" /><testcase classname="tests.unit.test_config_policy" name="test_reject_unknown_viewport_and_missing_assertion_value" time="0.013" /><testcase classname="tests.unit.test_config_policy" name="test_writes_blocked_even_for_same_origin[POST]" time="0.000" /><testcase classname="tests.unit.test_config_policy" name="test_writes_blocked_even_for_same_origin[PUT]" time="0.000" /><testcase classname="tests.unit.test_config_policy" name="test_writes_blocked_even_for_same_origin[DELETE]" time="0.000" /><testcase classname="tests.unit.test_config_policy" name="test_writes_blocked_even_for_same_origin[PATCH]" time="0.000" /><testcase classname="tests.unit.test_config_policy" name="test_navigation_boundaries_and_read_assets" time="0.000" /><testcase classname="tests.unit.test_config_policy" name="test_new_site_requires_no_ctg_specific_code" time="0.001" /><testcase classname="tests.unit.test_config_policy" name="test_cli_init_preserves_existing_config" time="0.004" /><testcase classname="tests.unit.test_learning" name="test_history_deduplicates_and_does_not_count_skips_as_passes" time="0.002" /><testcase classname="tests.unit.test_learning" name="test_review_is_retrieved_for_same_site_only_and_raw_logs_excluded" time="0.003" /><testcase classname="tests.unit.test_learning" name="test_optional_model_transport_and_unknown_case_rejection" time="0.002" /><testcase classname="tests.unit.test_learning" name="test_axe_findings_match_actual_pytest_parameter_order" time="0.002" /><testcase classname="tests.unit.test_llm" name="test_streaming_accumulates_content_and_reports_progress" time="0.013" /><testcase classname="tests.unit.test_llm" name="test_deadline_interrupts_loading_stalled_and_trickling_responses[before-headers]" time="0.073" /><testcase classname="tests.unit.test_llm" name="test_deadline_interrupts_loading_stalled_and_trickling_responses[during-response]" time="0.073" /><testcase classname="tests.unit.test_llm" name="test_deadline_interrupts_loading_stalled_and_trickling_responses[continuous-stream]" time="0.073" /><testcase classname="tests.unit.test_llm" name="test_incomplete_and_server_error_responses_are_not_accepted[messages0-ended before]" time="0.012" /><testcase classname="tests.unit.test_llm" name="test_incomplete_and_server_error_responses_are_not_accepted[messages1-fewer tests]" time="0.012" /><testcase classname="tests.unit.test_llm" name="test_incomplete_and_server_error_responses_are_not_accepted[messages2-out of memory]" time="0.012" /><testcase classname="tests.unit.test_llm" name="test_model_not_installed_is_actionable" time="0.012" /><testcase classname="tests.unit.test_llm" name="test_prompt_size_limit_is_explicit_not_silent_truncation" time="0.001" /><testcase classname="tests.unit.test_notebook" name="test_notebook_compiles_and_embeds_current_runtime_without_external_code_uploads" time="0.016" /><testcase classname="tests.unit.test_reporting" name="test_report_embeds_failure_and_element_images_and_escapes_evidence" time="0.003" /><testcase classname="tests.unit.test_reporting" name="test_model_explanations_are_bound_to_evidence_and_leave_outcomes_unchanged" time="0.002" /><testcase classname="tests.unit.test_reporting" name="test_report_survives_model_timeout_or_invented_case[timeout]" time="0.002" /><testcase classname="tests.unit.test_reporting" name="test_report_survives_model_timeout_or_invented_case[unknown-case]" time="0.005" /><testcase classname="tests.unit.test_reporting" name="test_screenshot_failure_does_not_discard_test_evidence" time="0.001" /><testcase classname="tests.unit.test_reporting" name="test_missing_browser_has_specific_non_defect_explanation" time="0.003" /><testcase classname="tests.unit.test_reporting" name="test_images_cannot_escape_run_directory" time="0.001" /><testcase classname="tests.unit.test_reporting" name="test_real_pytest_hook_captures_before_fixture_teardown" time="0.363" /><testcase classname="tests.unit.test_ui" name="test_nontechnical_target_setup_supports_pages_and_heading" time="0.010" /><testcase classname="tests.unit.test_ui" name="test_target_editor_rejects_invalid_scopes[https://example.com/path-]" time="0.001" /><testcase classname="tests.unit.test_ui" name="test_target_editor_rejects_invalid_scopes[https://example.com-/admin]" time="0.002" /><testcase classname="tests.unit.test_ui" name="test_target_editor_rejects_invalid_scopes[https://example.com-https://elsewhere.example/page]" time="0.001" /><testcase classname="tests.unit.test_ui" name="test_target_editor_rejects_invalid_scopes[https://example.com-/?secret=x]" time="0.003" /><testcase classname="tests.unit.test_ui" name="test_jobs_serialize_and_return_human_readable_errors" time="0.001" /><testcase classname="tests.unit.test_ui" name="test_http_app_has_accessible_labels_and_requires_session_token" time="0.511" /><testcase classname="tests.unit.test_ui" name="test_ui_run_dispatch_uses_arguments_and_shows_failures" time="0.004" /><testcase classname="tests.unit.test_ui" name="test_app_generate_review_apply_revise_workflow" time="0.085" /><testcase classname="tests.unit.test_ui" name="test_latest_result_survives_reopening_and_stays_with_website" time="0.014" /><testcase classname="tests.unit.test_ui" name="test_run_saves_report_before_slow_ai_and_retains_it_on_model_failure" time="0.004" /><testcase classname="tests.unit.test_ui" name="test_ai_wait_settings_and_progress_reach_worker" time="0.001" /><testcase classname="tests.unit.test_ui" name="test_report_http_serves_inline_report_and_png_but_not_arbitrary_files" time="0.016" /><testcase classname="tests.unit.test_ui" name="test_reopening_ui_discovers_active_job" time="0.002" /><testcase classname="tests.unit.test_ui" name="test_cloud_http_export_import_and_notebook_download" time="0.108" /></testsuite></testsuites>