<?xml version="1.0" encoding="utf-8"?><testsuites name="pytest tests"><testsuite name="pytest" errors="0" failures="0" skipped="0" tests="54" time="1.609" timestamp="2026-09-17T00:01:07.032458-05:00" hostname="localhost"><testcase classname="tests.unit.test_action_guard" name="test_tab_can_leave_submit_button_but_activation_is_blocked" time="0.001" /><testcase classname="tests.unit.test_action_guard" name="test_enter_in_form_input_is_blocked_but_menu_enter_is_allowed" time="0.000" /><testcase classname="tests.unit.test_authoring" name="test_develop_apply_and_collect_real_generated_pytest" time="0.442" /><testcase classname="tests.unit.test_authoring" name="test_revision_preserves_original_until_apply_and_refuses_stale_overwrite" time="0.074" /><testcase classname="tests.unit.test_authoring" name="test_arbitrary_python_and_tampered_proposals_are_rejected" time="0.036" /><testcase classname="tests.unit.test_authoring" name="test_model_failure_leaves_only_error_evidence" time="0.003" /><testcase classname="tests.unit.test_authoring" name="test_reject_invalid_model_plans[extra-code]" time="0.010" /><testcase classname="tests.unit.test_authoring" name="test_reject_invalid_model_plans[unknown-page]" time="0.011" /><testcase classname="tests.unit.test_authoring" name="test_reject_invalid_model_plans[unknown-viewport]" time="0.011" /><testcase classname="tests.unit.test_authoring" name="test_reject_invalid_model_plans[duplicate-id]" time="0.011" /><testcase classname="tests.unit.test_authoring" name="test_reject_invalid_model_plans[empty]" time="0.010" /><testcase classname="tests.unit.test_authoring" name="test_synthetic_data_is_compiled_and_raw_form_values_rejected" time="0.022" /><testcase classname="tests.unit.test_authoring" name="test_no_assertion_or_out_of_scope_destination_rejected" time="0.021" /><testcase classname="tests.unit.test_authoring" name="test_history_and_reviews_enter_authoring_but_other_site_evidence_rejected" time="0.017" /><testcase classname="tests.unit.test_authoring" name="test_profile_edits_require_revision_but_revision_is_possible" time="0.062" /><testcase classname="tests.unit.test_authoring" name="test_package_cli_exposes_simple_app_and_authoring_commands" time="0.098" /><testcase classname="tests.unit.test_config_policy" name="test_ctg_profile_has_unique_focused_cases" time="0.007" /><testcase classname="tests.unit.test_config_policy" name="test_allowed_origins[https://example.com]" time="0.000" /><testcase classname="tests.unit.test_config_policy" name="test_allowed_origins[http://localhost:8000]" time="0.000" /><testcase classname="tests.unit.test_config_policy" name="test_allowed_origins[https://example.com/]" time="0.000" /><testcase classname="tests.unit.test_config_policy" name="test_reject_out_of_scope_origins[http://example.com]" time="0.000" /><testcase classname="tests.unit.test_config_policy" name="test_reject_out_of_scope_origins[https://user:secret@example.com]" time="0.000" /><testcase classname="tests.unit.test_config_policy" name="test_reject_out_of_scope_origins[file:///etc/passwd]" time="0.000" /><testcase classname="tests.unit.test_config_policy" name="test_reject_out_of_scope_origins[https://example.com/admin]" time="0.000" /><testcase classname="tests.unit.test_config_policy" name="test_reject_out_of_scope_origins[https://example.com?q=secret]" time="0.000" /><testcase classname="tests.unit.test_config_policy" name="test_reject_out_of_scope_origins[https://10.0.0.1]" time="0.000" /><testcase classname="tests.unit.test_config_policy" name="test_reject_unsafe_or_unscoped_page_paths[//external.example]" time="0.006" /><testcase classname="tests.unit.test_config_policy" name="test_reject_unsafe_or_unscoped_page_paths[/admin]" time="0.006" /><testcase classname="tests.unit.test_config_policy" name="test_reject_unsafe_or_unscoped_page_paths[/%61dmin]" time="0.006" /><testcase classname="tests.unit.test_config_policy" name="test_reject_unsafe_or_unscoped_page_paths[/a/../logout]" time="0.006" /><testcase classname="tests.unit.test_config_policy" name="test_reject_unsafe_or_unscoped_page_paths[/?email=qa]" time="0.006" /><testcase classname="tests.unit.test_config_policy" name="test_reject_unsafe_or_unscoped_page_paths[/%5csecret]" time="0.008" /><testcase classname="tests.unit.test_config_policy" name="test_reject_unknown_viewport_and_missing_assertion_value" time="0.013" /><testcase classname="tests.unit.test_config_policy" name="test_writes_blocked_even_for_same_origin[POST]" time="0.001" /><testcase classname="tests.unit.test_config_policy" name="test_writes_blocked_even_for_same_origin[PUT]" time="0.000" /><testcase classname="tests.unit.test_config_policy" name="test_writes_blocked_even_for_same_origin[DELETE]" time="0.000" /><testcase classname="tests.unit.test_config_policy" name="test_writes_blocked_even_for_same_origin[PATCH]" time="0.000" /><testcase classname="tests.unit.test_config_policy" name="test_navigation_boundaries_and_read_assets" time="0.000" /><testcase classname="tests.unit.test_config_policy" name="test_new_site_requires_no_ctg_specific_code" time="0.001" /><testcase classname="tests.unit.test_config_policy" name="test_cli_init_preserves_existing_config" time="0.004" /><testcase classname="tests.unit.test_learning" name="test_history_deduplicates_and_does_not_count_skips_as_passes" time="0.003" /><testcase classname="tests.unit.test_learning" name="test_review_is_retrieved_for_same_site_only_and_raw_logs_excluded" time="0.004" /><testcase classname="tests.unit.test_learning" name="test_optional_model_transport_and_unknown_case_rejection" time="0.007" /><testcase classname="tests.unit.test_learning" name="test_axe_findings_match_actual_pytest_parameter_order" time="0.002" /><testcase classname="tests.unit.test_ui" name="test_nontechnical_target_setup_supports_pages_and_heading" time="0.009" /><testcase classname="tests.unit.test_ui" name="test_target_editor_rejects_invalid_scopes[https://example.com/path-]" time="0.001" /><testcase classname="tests.unit.test_ui" name="test_target_editor_rejects_invalid_scopes[https://example.com-/admin]" time="0.001" /><testcase classname="tests.unit.test_ui" name="test_target_editor_rejects_invalid_scopes[https://example.com-https://elsewhere.example/page]" time="0.001" /><testcase classname="tests.unit.test_ui" name="test_target_editor_rejects_invalid_scopes[https://example.com-/?secret=x]" time="0.001" /><testcase classname="tests.unit.test_ui" name="test_jobs_serialize_and_return_human_readable_errors" time="0.001" /><testcase classname="tests.unit.test_ui" name="test_http_app_has_accessible_labels_and_requires_session_token" time="0.511" /><testcase classname="tests.unit.test_ui" name="test_ui_run_dispatch_uses_arguments_and_shows_failures" time="0.004" /><testcase classname="tests.unit.test_ui" name="test_app_generate_review_apply_revise_workflow" time="0.065" /><testcase classname="tests.unit.test_ui" name="test_latest_result_survives_reopening_and_stays_with_website" time="0.014" /></testsuite></testsuites>